# JRE version: OpenJDK Runtime Environment (8.0_152-b06) (build 1.8.0_152-release-1136-b06)
# Java VM: OpenJDK 64-Bit Server VM (25.152-b06 mixed mode windows-amd64 compressed oops)
Heap:
 PSYoungGen      total 217600K, used 39200K [0x00000000e0000000, 0x00000000f1080000, 0x0000000100000000)
  eden space 183296K, 5% used [0x00000000e0000000,0x00000000e0a1fe00,0x00000000eb300000)
  from space 34304K, 84% used [0x00000000eb300000,0x00000000ecf28340,0x00000000ed480000)
  to   space 37376K, 0% used [0x00000000eec00000,0x00000000eec00000,0x00000000f1080000)
 ParOldGen       total 151552K, used 71940K [0x00000000a0000000, 0x00000000a9400000, 0x00000000e0000000)
  object space 151552K, 47% used [0x00000000a0000000,0x00000000a46413b8,0x00000000a9400000)
 Metaspace       used 82600K, capacity 85892K, committed 86016K, reserved 1124352K
  class space    used 10668K, capacity 11403K, committed 11520K, reserved 1048576K
GC Heap History (10 events):
Event: 20.401 GC heap before
{Heap before GC invocations=18 (full 3):
 PSYoungGen      total 162816K, used 138240K [0x00000000e0000000, 0x00000000ebb80000, 0x0000000100000000)
  eden space 138240K, 100% used [0x00000000e0000000,0x00000000e8700000,0x00000000e8700000)
  from space 24576K, 0% used [0x00000000e9d80000,0x00000000e9d80000,0x00000000eb580000)
  to   space 23040K, 0% used [0x00000000e8700000,0x00000000e8700000,0x00000000e9d80000)
 ParOldGen       total 151552K, used 45005K [0x00000000a0000000, 0x00000000a9400000, 0x00000000e0000000)
  object space 151552K, 29% used [0x00000000a0000000,0x00000000a2bf3528,0x00000000a9400000)
 Metaspace       used 62361K, capacity 64634K, committed 64768K, reserved 1105920K
  class space    used 8351K, capacity 8925K, committed 8960K, reserved 1048576K
Event: 20.429 GC heap after
Heap after GC invocations=18 (full 3):
 PSYoungGen      total 161280K, used 11556K [0x00000000e0000000, 0x00000000ed700000, 0x0000000100000000)
  eden space 138240K, 0% used [0x00000000e0000000,0x00000000e0000000,0x00000000e8700000)
  from space 23040K, 50% used [0x00000000e8700000,0x00000000e92491f0,0x00000000e9d80000)
  to   space 22016K, 0% used [0x00000000ec180000,0x00000000ec180000,0x00000000ed700000)
 ParOldGen       total 151552K, used 45013K [0x00000000a0000000, 0x00000000a9400000, 0x00000000e0000000)
  object space 151552K, 29% used [0x00000000a0000000,0x00000000a2bf5528,0x00000000a9400000)
 Metaspace       used 62361K, capacity 64634K, committed 64768K, reserved 1105920K
  class space    used 8351K, capacity 8925K, committed 8960K, reserved 1048576K
}
Event: 54.737 GC heap before
{Heap before GC invocations=19 (full 3):
 PSYoungGen      total 161280K, used 149796K [0x00000000e0000000, 0x00000000ed700000, 0x0000000100000000)
  eden space 138240K, 100% used [0x00000000e0000000,0x00000000e8700000,0x00000000e8700000)
  from space 23040K, 50% used [0x00000000e8700000,0x00000000e92491f0,0x00000000e9d80000)
  to   space 22016K, 0% used [0x00000000ec180000,0x00000000ec180000,0x00000000ed700000)
 ParOldGen       total 151552K, used 45013K [0x00000000a0000000, 0x00000000a9400000, 0x00000000e0000000)
  object space 151552K, 29% used [0x00000000a0000000,0x00000000a2bf5528,0x00000000a9400000)
 Metaspace       used 65910K, capacity 68400K, committed 68608K, reserved 1107968K
  class space    used 8754K, capacity 9368K, committed 9472K, reserved 1048576K
Event: 54.755 GC heap after
Heap after GC invocations=19 (full 3):
 PSYoungGen      total 185856K, used 10313K [0x00000000e0000000, 0x00000000ed080000, 0x0000000100000000)
  eden space 170496K, 0% used [0x00000000e0000000,0x00000000e0000000,0x00000000ea680000)
  from space 15360K, 67% used [0x00000000ec180000,0x00000000ecb92468,0x00000000ed080000)
  to   space 21504K, 0% used [0x00000000ea680000,0x00000000ea680000,0x00000000ebb80000)
 ParOldGen       total 151552K, used 45021K [0x00000000a0000000, 0x00000000a9400000, 0x00000000e0000000)
  object space 151552K, 29% used [0x00000000a0000000,0x00000000a2bf7528,0x00000000a9400000)
 Metaspace       used 65910K, capacity 68400K, committed 68608K, reserved 1107968K
  class space    used 8754K, capacity 9368K, committed 9472K, reserved 1048576K
}
Event: 60.702 GC heap before
{Heap before GC invocations=20 (full 3):
 PSYoungGen      total 185856K, used 180809K [0x00000000e0000000, 0x00000000ed080000, 0x0000000100000000)
  eden space 170496K, 100% used [0x00000000e0000000,0x00000000ea680000,0x00000000ea680000)
  from space 15360K, 67% used [0x00000000ec180000,0x00000000ecb92468,0x00000000ed080000)
  to   space 21504K, 0% used [0x00000000ea680000,0x00000000ea680000,0x00000000ebb80000)
 ParOldGen       total 151552K, used 45021K [0x00000000a0000000, 0x00000000a9400000, 0x00000000e0000000)
  object space 151552K, 29% used [0x00000000a0000000,0x00000000a2bf7528,0x00000000a9400000)
 Metaspace       used 71694K, capacity 74212K, committed 74624K, reserved 1114112K
  class space    used 9397K, capacity 9994K, committed 10112K, reserved 1048576K
Event: 60.735 GC heap after
Heap after GC invocations=20 (full 3):
 PSYoungGen      total 192000K, used 19384K [0x00000000e0000000, 0x00000000eeb80000, 0x0000000100000000)
  eden space 170496K, 0% used [0x00000000e0000000,0x00000000e0000000,0x00000000ea680000)
  from space 21504K, 90% used [0x00000000ea680000,0x00000000eb96e1d0,0x00000000ebb80000)
  to   space 23552K, 0% used [0x00000000ed480000,0x00000000ed480000,0x00000000eeb80000)
 ParOldGen       total 151552K, used 45029K [0x00000000a0000000, 0x00000000a9400000, 0x00000000e0000000)
  object space 151552K, 29% used [0x00000000a0000000,0x00000000a2bf9528,0x00000000a9400000)
 Metaspace       used 71694K, capacity 74212K, committed 74624K, reserved 1114112K
  class space    used 9397K, capacity 9994K, committed 10112K, reserved 1048576K
}
Event: 102.712 GC heap before
{Heap before GC invocations=21 (full 3):
 PSYoungGen      total 192000K, used 189880K [0x00000000e0000000, 0x00000000eeb80000, 0x0000000100000000)
  eden space 170496K, 100% used [0x00000000e0000000,0x00000000ea680000,0x00000000ea680000)
  from space 21504K, 90% used [0x00000000ea680000,0x00000000eb96e1d0,0x00000000ebb80000)
  to   space 23552K, 0% used [0x00000000ed480000,0x00000000ed480000,0x00000000eeb80000)
 ParOldGen       total 151552K, used 45029K [0x00000000a0000000, 0x00000000a9400000, 0x00000000e0000000)
  object space 151552K, 29% used [0x00000000a0000000,0x00000000a2bf9528,0x00000000a9400000)
 Metaspace       used 73065K, capacity 75652K, committed 75776K, reserved 1114112K
  class space    used 9479K, capacity 10132K, committed 10240K, reserved 1048576K
Event: 102.777 GC heap after
Heap after GC invocations=21 (full 3):
 PSYoungGen      total 206848K, used 23542K [0x00000000e0000000, 0x00000000efd00000, 0x0000000100000000)
  eden space 183296K, 0% used [0x00000000e0000000,0x00000000e0000000,0x00000000eb300000)
  from space 23552K, 99% used [0x00000000ed480000,0x00000000eeb7d990,0x00000000eeb80000)
  to   space 34304K, 0% used [0x00000000eb300000,0x00000000eb300000,0x00000000ed480000)
 ParOldGen       total 151552K, used 66087K [0x00000000a0000000, 0x00000000a9400000, 0x00000000e0000000)
  object space 151552K, 43% used [0x00000000a0000000,0x00000000a4089e48,0x00000000a9400000)
 Metaspace       used 73065K, capacity 75652K, committed 75776K, reserved 1114112K
  class space    used 9479K, capacity 10132K, committed 10240K, reserved 1048576K
}
Event: 107.276 GC heap before
{Heap before GC invocations=22 (full 3):
 PSYoungGen      total 206848K, used 206838K [0x00000000e0000000, 0x00000000efd00000, 0x0000000100000000)
  eden space 183296K, 100% used [0x00000000e0000000,0x00000000eb300000,0x00000000eb300000)
  from space 23552K, 99% used [0x00000000ed480000,0x00000000eeb7d990,0x00000000eeb80000)
  to   space 34304K, 0% used [0x00000000eb300000,0x00000000eb300000,0x00000000ed480000)
 ParOldGen       total 151552K, used 66087K [0x00000000a0000000, 0x00000000a9400000, 0x00000000e0000000)
  object space 151552K, 43% used [0x00000000a0000000,0x00000000a4089e48,0x00000000a9400000)
 Metaspace       used 81990K, capacity 85140K, committed 85376K, reserved 1124352K
  class space    used 10595K, capacity 11317K, committed 11392K, reserved 1048576K
Event: 107.331 GC heap after
Heap after GC invocations=22 (full 3):
 PSYoungGen      total 217600K, used 28832K [0x00000000e0000000, 0x00000000f1080000, 0x0000000100000000)
  eden space 183296K, 0% used [0x00000000e0000000,0x00000000e0000000,0x00000000eb300000)
  from space 34304K, 84% used [0x00000000eb300000,0x00000000ecf28340,0x00000000ed480000)
  to   space 37376K, 0% used [0x00000000eec00000,0x00000000eec00000,0x00000000f1080000)
 ParOldGen       total 151552K, used 71940K [0x00000000a0000000, 0x00000000a9400000, 0x00000000e0000000)
  object space 151552K, 47% used [0x00000000a0000000,0x00000000a46413b8,0x00000000a9400000)
 Metaspace       used 81990K, capacity 85140K, committed 85376K, reserved 1124352K
  class space    used 10595K, capacity 11317K, committed 11392K, reserved 1048576K
}

