# JRE version: OpenJDK Runtime Environment (8.0_152-b06) (build 1.8.0_152-release-1136-b06)
# Java VM: OpenJDK 64-Bit Server VM (25.152-b06 mixed mode windows-amd64 compressed oops)
Heap:
 PSYoungGen      total 483840K, used 375254K [0x00000000e0000000, 0x00000000ffe00000, 0x0000000100000000)
  eden space 448512K, 83% used [0x00000000e0000000,0x00000000f6c524e0,0x00000000fb600000)
  from space 35328K, 6% used [0x00000000fdb80000,0x00000000fdda33e8,0x00000000ffe00000)
  to   space 36864K, 0% used [0x00000000fb600000,0x00000000fb600000,0x00000000fda00000)
 ParOldGen       total 144384K, used 76605K [0x00000000a0000000, 0x00000000a8d00000, 0x00000000e0000000)
  object space 144384K, 53% used [0x00000000a0000000,0x00000000a4acf7d0,0x00000000a8d00000)
 Metaspace       used 91650K, capacity 96746K, committed 96896K, reserved 1134592K
  class space    used 11540K, capacity 12656K, committed 12672K, reserved 1048576K
GC Heap History (10 events):
Event: 3215.722 GC heap before
{Heap before GC invocations=33 (full 3):
 PSYoungGen      total 323584K, used 295293K [0x00000000e0000000, 0x00000000fa200000, 0x0000000100000000)
  eden space 282624K, 100% used [0x00000000e0000000,0x00000000f1400000,0x00000000f1400000)
  from space 40960K, 30% used [0x00000000f1400000,0x00000000f205f5d0,0x00000000f3c00000)
  to   space 39424K, 0% used [0x00000000f7b80000,0x00000000f7b80000,0x00000000fa200000)
 ParOldGen       total 144384K, used 72958K [0x00000000a0000000, 0x00000000a8d00000, 0x00000000e0000000)
  object space 144384K, 50% used [0x00000000a0000000,0x00000000a473fbd0,0x00000000a8d00000)
 Metaspace       used 90414K, capacity 95346K, committed 95616K, reserved 1132544K
  class space    used 11471K, capacity 12550K, committed 12672K, reserved 1048576K
Event: 3215.745 GC heap after
Heap after GC invocations=33 (full 3):
 PSYoungGen      total 379392K, used 7722K [0x00000000e0000000, 0x00000000f9d00000, 0x0000000100000000)
  eden space 345088K, 0% used [0x00000000e0000000,0x00000000e0000000,0x00000000f5100000)
  from space 34304K, 22% used [0x00000000f7b80000,0x00000000f830a958,0x00000000f9d00000)
  to   space 38912K, 0% used [0x00000000f5100000,0x00000000f5100000,0x00000000f7700000)
 ParOldGen       total 144384K, used 73600K [0x00000000a0000000, 0x00000000a8d00000, 0x00000000e0000000)
  object space 144384K, 50% used [0x00000000a0000000,0x00000000a47e0130,0x00000000a8d00000)
 Metaspace       used 90414K, capacity 95346K, committed 95616K, reserved 1132544K
  class space    used 11471K, capacity 12550K, committed 12672K, reserved 1048576K
}
Event: 3217.977 GC heap before
{Heap before GC invocations=34 (full 3):
 PSYoungGen      total 379392K, used 352810K [0x00000000e0000000, 0x00000000f9d00000, 0x0000000100000000)
  eden space 345088K, 100% used [0x00000000e0000000,0x00000000f5100000,0x00000000f5100000)
  from space 34304K, 22% used [0x00000000f7b80000,0x00000000f830a958,0x00000000f9d00000)
  to   space 38912K, 0% used [0x00000000f5100000,0x00000000f5100000,0x00000000f7700000)
 ParOldGen       total 144384K, used 73600K [0x00000000a0000000, 0x00000000a8d00000, 0x00000000e0000000)
  object space 144384K, 50% used [0x00000000a0000000,0x00000000a47e0130,0x00000000a8d00000)
 Metaspace       used 90552K, capacity 95508K, committed 95872K, reserved 1132544K
  class space    used 11473K, capacity 12553K, committed 12672K, reserved 1048576K
Event: 3217.994 GC heap after
Heap after GC invocations=34 (full 3):
 PSYoungGen      total 384000K, used 4938K [0x00000000e0000000, 0x00000000fe100000, 0x0000000100000000)
  eden space 345088K, 0% used [0x00000000e0000000,0x00000000e0000000,0x00000000f5100000)
  from space 38912K, 12% used [0x00000000f5100000,0x00000000f55d2960,0x00000000f7700000)
  to   space 38400K, 0% used [0x00000000fbb80000,0x00000000fbb80000,0x00000000fe100000)
 ParOldGen       total 144384K, used 73608K [0x00000000a0000000, 0x00000000a8d00000, 0x00000000e0000000)
  object space 144384K, 50% used [0x00000000a0000000,0x00000000a47e2130,0x00000000a8d00000)
 Metaspace       used 90552K, capacity 95508K, committed 95872K, reserved 1132544K
  class space    used 11473K, capacity 12553K, committed 12672K, reserved 1048576K
}
Event: 3220.022 GC heap before
{Heap before GC invocations=35 (full 3):
 PSYoungGen      total 384000K, used 350026K [0x00000000e0000000, 0x00000000fe100000, 0x0000000100000000)
  eden space 345088K, 100% used [0x00000000e0000000,0x00000000f5100000,0x00000000f5100000)
  from space 38912K, 12% used [0x00000000f5100000,0x00000000f55d2960,0x00000000f7700000)
  to   space 38400K, 0% used [0x00000000fbb80000,0x00000000fbb80000,0x00000000fe100000)
 ParOldGen       total 144384K, used 73608K [0x00000000a0000000, 0x00000000a8d00000, 0x00000000e0000000)
  object space 144384K, 50% used [0x00000000a0000000,0x00000000a47e2130,0x00000000a8d00000)
 Metaspace       used 90687K, capacity 95708K, committed 95872K, reserved 1132544K
  class space    used 11473K, capacity 12553K, committed 12672K, reserved 1048576K
Event: 3220.035 GC heap after
Heap after GC invocations=35 (full 3):
 PSYoungGen      total 441856K, used 2107K [0x00000000e0000000, 0x00000000fdb00000, 0x0000000100000000)
  eden space 409600K, 0% used [0x00000000e0000000,0x00000000e0000000,0x00000000f9000000)
  from space 32256K, 6% used [0x00000000fbb80000,0x00000000fbd8eea8,0x00000000fdb00000)
  to   space 38400K, 0% used [0x00000000f9000000,0x00000000f9000000,0x00000000fb580000)
 ParOldGen       total 144384K, used 76088K [0x00000000a0000000, 0x00000000a8d00000, 0x00000000e0000000)
  object space 144384K, 52% used [0x00000000a0000000,0x00000000a4a4e1a0,0x00000000a8d00000)
 Metaspace       used 90687K, capacity 95708K, committed 95872K, reserved 1132544K
  class space    used 11473K, capacity 12553K, committed 12672K, reserved 1048576K
}
Event: 3222.322 GC heap before
{Heap before GC invocations=36 (full 3):
 PSYoungGen      total 441856K, used 411707K [0x00000000e0000000, 0x00000000fdb00000, 0x0000000100000000)
  eden space 409600K, 100% used [0x00000000e0000000,0x00000000f9000000,0x00000000f9000000)
  from space 32256K, 6% used [0x00000000fbb80000,0x00000000fbd8eea8,0x00000000fdb00000)
  to   space 38400K, 0% used [0x00000000f9000000,0x00000000f9000000,0x00000000fb580000)
 ParOldGen       total 144384K, used 76088K [0x00000000a0000000, 0x00000000a8d00000, 0x00000000e0000000)
  object space 144384K, 52% used [0x00000000a0000000,0x00000000a4a4e1a0,0x00000000a8d00000)
 Metaspace       used 90787K, capacity 95778K, committed 96128K, reserved 1132544K
  class space    used 11475K, capacity 12554K, committed 12672K, reserved 1048576K
Event: 3222.332 GC heap after
Heap after GC invocations=36 (full 3):
 PSYoungGen      total 448000K, used 4392K [0x00000000e0000000, 0x0000000100000000, 0x0000000100000000)
  eden space 409600K, 0% used [0x00000000e0000000,0x00000000e0000000,0x00000000f9000000)
  from space 38400K, 11% used [0x00000000f9000000,0x00000000f944a1e0,0x00000000fb580000)
  to   space 37376K, 0% used [0x00000000fdb80000,0x00000000fdb80000,0x0000000100000000)
 ParOldGen       total 144384K, used 76174K [0x00000000a0000000, 0x00000000a8d00000, 0x00000000e0000000)
  object space 144384K, 52% used [0x00000000a0000000,0x00000000a4a63958,0x00000000a8d00000)
 Metaspace       used 90787K, capacity 95778K, committed 96128K, reserved 1132544K
  class space    used 11475K, capacity 12554K, committed 12672K, reserved 1048576K
}
Event: 3224.760 GC heap before
{Heap before GC invocations=37 (full 3):
 PSYoungGen      total 448000K, used 413992K [0x00000000e0000000, 0x0000000100000000, 0x0000000100000000)
  eden space 409600K, 100% used [0x00000000e0000000,0x00000000f9000000,0x00000000f9000000)
  from space 38400K, 11% used [0x00000000f9000000,0x00000000f944a1e0,0x00000000fb580000)
  to   space 37376K, 0% used [0x00000000fdb80000,0x00000000fdb80000,0x0000000100000000)
 ParOldGen       total 144384K, used 76174K [0x00000000a0000000, 0x00000000a8d00000, 0x00000000e0000000)
  object space 144384K, 52% used [0x00000000a0000000,0x00000000a4a63958,0x00000000a8d00000)
 Metaspace       used 90901K, capacity 95880K, committed 96128K, reserved 1132544K
  class space    used 11480K, capacity 12561K, committed 12672K, reserved 1048576K
Event: 3224.773 GC heap after
Heap after GC invocations=37 (full 3):
 PSYoungGen      total 483840K, used 2188K [0x00000000e0000000, 0x00000000ffe00000, 0x0000000100000000)
  eden space 448512K, 0% used [0x00000000e0000000,0x00000000e0000000,0x00000000fb600000)
  from space 35328K, 6% used [0x00000000fdb80000,0x00000000fdda33e8,0x00000000ffe00000)
  to   space 36864K, 0% used [0x00000000fb600000,0x00000000fb600000,0x00000000fda00000)
 ParOldGen       total 144384K, used 76605K [0x00000000a0000000, 0x00000000a8d00000, 0x00000000e0000000)
  object space 144384K, 53% used [0x00000000a0000000,0x00000000a4acf7d0,0x00000000a8d00000)
 Metaspace       used 90901K, capacity 95880K, committed 96128K, reserved 1132544K
  class space    used 11480K, capacity 12561K, committed 12672K, reserved 1048576K
}

