# JRE version: OpenJDK Runtime Environment (8.0_152-b06) (build 1.8.0_152-release-1136-b06)
# Java VM: OpenJDK 64-Bit Server VM (25.152-b06 mixed mode windows-amd64 compressed oops)
Heap:
 PSYoungGen      total 309760K, used 305241K [0x00000000e0000000, 0x00000000f7500000, 0x0000000100000000)
  eden space 289792K, 98% used [0x00000000e0000000,0x00000000f16a8238,0x00000000f1b00000)
  from space 19968K, 99% used [0x00000000f6180000,0x00000000f74ee308,0x00000000f7500000)
  to   space 31232K, 0% used [0x00000000f3800000,0x00000000f3800000,0x00000000f5680000)
 ParOldGen       total 130048K, used 56483K [0x00000000a0000000, 0x00000000a7f00000, 0x00000000e0000000)
  object space 130048K, 43% used [0x00000000a0000000,0x00000000a3728ec0,0x00000000a7f00000)
 Metaspace       used 87095K, capacity 90798K, committed 91008K, reserved 1128448K
  class space    used 11019K, capacity 11783K, committed 11904K, reserved 1048576K
GC Heap History (10 events):
Event: 29.917 GC heap before
{Heap before GC invocations=17 (full 3):
 PSYoungGen      total 235520K, used 223234K [0x00000000e0000000, 0x00000000f2c00000, 0x0000000100000000)
  eden space 210432K, 100% used [0x00000000e0000000,0x00000000ecd80000,0x00000000ecd80000)
  from space 25088K, 51% used [0x00000000ecd80000,0x00000000eda00a88,0x00000000ee600000)
  to   space 24064K, 0% used [0x00000000f1480000,0x00000000f1480000,0x00000000f2c00000)
 ParOldGen       total 130048K, used 56443K [0x00000000a0000000, 0x00000000a7f00000, 0x00000000e0000000)
  object space 130048K, 43% used [0x00000000a0000000,0x00000000a371eec0,0x00000000a7f00000)
 Metaspace       used 76240K, capacity 79056K, committed 79232K, reserved 1118208K
  class space    used 9958K, capacity 10562K, committed 10624K, reserved 1048576K
Event: 29.945 GC heap after
Heap after GC invocations=17 (full 3):
 PSYoungGen      total 279040K, used 22362K [0x00000000e0000000, 0x00000000f2d00000, 0x0000000100000000)
  eden space 254976K, 0% used [0x00000000e0000000,0x00000000e0000000,0x00000000ef900000)
  from space 24064K, 92% used [0x00000000f1480000,0x00000000f2a56af0,0x00000000f2c00000)
  to   space 26624K, 0% used [0x00000000ef900000,0x00000000ef900000,0x00000000f1300000)
 ParOldGen       total 130048K, used 56451K [0x00000000a0000000, 0x00000000a7f00000, 0x00000000e0000000)
  object space 130048K, 43% used [0x00000000a0000000,0x00000000a3720ec0,0x00000000a7f00000)
 Metaspace       used 76240K, capacity 79056K, committed 79232K, reserved 1118208K
  class space    used 9958K, capacity 10562K, committed 10624K, reserved 1048576K
}
Event: 32.884 GC heap before
{Heap before GC invocations=18 (full 3):
 PSYoungGen      total 279040K, used 277338K [0x00000000e0000000, 0x00000000f2d00000, 0x0000000100000000)
  eden space 254976K, 100% used [0x00000000e0000000,0x00000000ef900000,0x00000000ef900000)
  from space 24064K, 92% used [0x00000000f1480000,0x00000000f2a56af0,0x00000000f2c00000)
  to   space 26624K, 0% used [0x00000000ef900000,0x00000000ef900000,0x00000000f1300000)
 ParOldGen       total 130048K, used 56451K [0x00000000a0000000, 0x00000000a7f00000, 0x00000000e0000000)
  object space 130048K, 43% used [0x00000000a0000000,0x00000000a3720ec0,0x00000000a7f00000)
 Metaspace       used 77402K, capacity 80302K, committed 80512K, reserved 1120256K
  class space    used 10012K, capacity 10609K, committed 10624K, reserved 1048576K
Event: 32.906 GC heap after
Heap after GC invocations=18 (full 3):
 PSYoungGen      total 281600K, used 16128K [0x00000000e0000000, 0x00000000f5d80000, 0x0000000100000000)
  eden space 254976K, 0% used [0x00000000e0000000,0x00000000e0000000,0x00000000ef900000)
  from space 26624K, 60% used [0x00000000ef900000,0x00000000f08c0280,0x00000000f1300000)
  to   space 26624K, 0% used [0x00000000f4380000,0x00000000f4380000,0x00000000f5d80000)
 ParOldGen       total 130048K, used 56459K [0x00000000a0000000, 0x00000000a7f00000, 0x00000000e0000000)
  object space 130048K, 43% used [0x00000000a0000000,0x00000000a3722ec0,0x00000000a7f00000)
 Metaspace       used 77402K, capacity 80302K, committed 80512K, reserved 1120256K
  class space    used 10012K, capacity 10609K, committed 10624K, reserved 1048576K
}
Event: 37.232 GC heap before
{Heap before GC invocations=19 (full 3):
 PSYoungGen      total 281600K, used 270937K [0x00000000e0000000, 0x00000000f5d80000, 0x0000000100000000)
  eden space 254976K, 99% used [0x00000000e0000000,0x00000000ef8d6308,0x00000000ef900000)
  from space 26624K, 60% used [0x00000000ef900000,0x00000000f08c0280,0x00000000f1300000)
  to   space 26624K, 0% used [0x00000000f4380000,0x00000000f4380000,0x00000000f5d80000)
 ParOldGen       total 130048K, used 56459K [0x00000000a0000000, 0x00000000a7f00000, 0x00000000e0000000)
  object space 130048K, 43% used [0x00000000a0000000,0x00000000a3722ec0,0x00000000a7f00000)
 Metaspace       used 79304K, capacity 82330K, committed 82560K, reserved 1120256K
  class space    used 10223K, capacity 10847K, committed 10880K, reserved 1048576K
Event: 37.266 GC heap after
Heap after GC invocations=19 (full 3):
 PSYoungGen      total 327168K, used 21518K [0x00000000e0000000, 0x00000000f5d00000, 0x0000000100000000)
  eden space 301056K, 0% used [0x00000000e0000000,0x00000000e0000000,0x00000000f2600000)
  from space 26112K, 82% used [0x00000000f4380000,0x00000000f58838b8,0x00000000f5d00000)
  to   space 28160K, 0% used [0x00000000f2600000,0x00000000f2600000,0x00000000f4180000)
 ParOldGen       total 130048K, used 56467K [0x00000000a0000000, 0x00000000a7f00000, 0x00000000e0000000)
  object space 130048K, 43% used [0x00000000a0000000,0x00000000a3724ec0,0x00000000a7f00000)
 Metaspace       used 79304K, capacity 82330K, committed 82560K, reserved 1120256K
  class space    used 10223K, capacity 10847K, committed 10880K, reserved 1048576K
}
Event: 167.454 GC heap before
{Heap before GC invocations=20 (full 3):
 PSYoungGen      total 327168K, used 322574K [0x00000000e0000000, 0x00000000f5d00000, 0x0000000100000000)
  eden space 301056K, 100% used [0x00000000e0000000,0x00000000f2600000,0x00000000f2600000)
  from space 26112K, 82% used [0x00000000f4380000,0x00000000f58838b8,0x00000000f5d00000)
  to   space 28160K, 0% used [0x00000000f2600000,0x00000000f2600000,0x00000000f4180000)
 ParOldGen       total 130048K, used 56467K [0x00000000a0000000, 0x00000000a7f00000, 0x00000000e0000000)
  object space 130048K, 43% used [0x00000000a0000000,0x00000000a3724ec0,0x00000000a7f00000)
 Metaspace       used 83286K, capacity 86528K, committed 86784K, reserved 1124352K
  class space    used 10577K, capacity 11174K, committed 11264K, reserved 1048576K
Event: 167.488 GC heap after
Heap after GC invocations=20 (full 3):
 PSYoungGen      total 329216K, used 25178K [0x00000000e0000000, 0x00000000f8000000, 0x0000000100000000)
  eden space 301056K, 0% used [0x00000000e0000000,0x00000000e0000000,0x00000000f2600000)
  from space 28160K, 89% used [0x00000000f2600000,0x00000000f3e96868,0x00000000f4180000)
  to   space 31232K, 0% used [0x00000000f6180000,0x00000000f6180000,0x00000000f8000000)
 ParOldGen       total 130048K, used 56475K [0x00000000a0000000, 0x00000000a7f00000, 0x00000000e0000000)
  object space 130048K, 43% used [0x00000000a0000000,0x00000000a3726ec0,0x00000000a7f00000)
 Metaspace       used 83286K, capacity 86528K, committed 86784K, reserved 1124352K
  class space    used 10577K, capacity 11174K, committed 11264K, reserved 1048576K
}
Event: 1440.221 GC heap before
{Heap before GC invocations=21 (full 3):
 PSYoungGen      total 329216K, used 326234K [0x00000000e0000000, 0x00000000f8000000, 0x0000000100000000)
  eden space 301056K, 100% used [0x00000000e0000000,0x00000000f2600000,0x00000000f2600000)
  from space 28160K, 89% used [0x00000000f2600000,0x00000000f3e96868,0x00000000f4180000)
  to   space 31232K, 0% used [0x00000000f6180000,0x00000000f6180000,0x00000000f8000000)
 ParOldGen       total 130048K, used 56475K [0x00000000a0000000, 0x00000000a7f00000, 0x00000000e0000000)
  object space 130048K, 43% used [0x00000000a0000000,0x00000000a3726ec0,0x00000000a7f00000)
 Metaspace       used 84046K, capacity 87292K, committed 87552K, reserved 1126400K
  class space    used 10595K, capacity 11207K, committed 11264K, reserved 1048576K
Event: 1440.262 GC heap after
Heap after GC invocations=21 (full 3):
 PSYoungGen      total 309760K, used 19896K [0x00000000e0000000, 0x00000000f7500000, 0x0000000100000000)
  eden space 289792K, 0% used [0x00000000e0000000,0x00000000e0000000,0x00000000f1b00000)
  from space 19968K, 99% used [0x00000000f6180000,0x00000000f74ee308,0x00000000f7500000)
  to   space 31232K, 0% used [0x00000000f3800000,0x00000000f3800000,0x00000000f5680000)
 ParOldGen       total 130048K, used 56483K [0x00000000a0000000, 0x00000000a7f00000, 0x00000000e0000000)
  object space 130048K, 43% used [0x00000000a0000000,0x00000000a3728ec0,0x00000000a7f00000)
 Metaspace       used 84046K, capacity 87292K, committed 87552K, reserved 1126400K
  class space    used 10595K, capacity 11207K, committed 11264K, reserved 1048576K
}

