# JRE version: OpenJDK Runtime Environment (8.0_152-b06) (build 1.8.0_152-release-1136-b06)
# Java VM: OpenJDK 64-Bit Server VM (25.152-b06 mixed mode windows-amd64 compressed oops)
Heap:
 PSYoungGen      total 403968K, used 15991K [0x00000000e0000000, 0x00000000fea00000, 0x0000000100000000)
  eden space 332800K, 4% used [0x00000000e0000000,0x00000000e0f9de70,0x00000000f4500000)
  from space 71168K, 0% used [0x00000000f4500000,0x00000000f4500000,0x00000000f8a80000)
  to   space 73216K, 0% used [0x00000000fa280000,0x00000000fa280000,0x00000000fea00000)
 ParOldGen       total 205824K, used 51011K [0x00000000a0000000, 0x00000000ac900000, 0x00000000e0000000)
  object space 205824K, 24% used [0x00000000a0000000,0x00000000a31d0c80,0x00000000ac900000)
 Metaspace       used 92314K, capacity 95984K, committed 98348K, reserved 1134592K
  class space    used 11551K, capacity 12294K, committed 12800K, reserved 1048576K
GC Heap History (10 events):
Event: 283.305 GC heap before
{Heap before GC invocations=27 (full 3):
 PSYoungGen      total 313344K, used 313326K [0x00000000e0000000, 0x00000000f9d80000, 0x0000000100000000)
  eden space 273920K, 100% used [0x00000000e0000000,0x00000000f0b80000,0x00000000f0b80000)
  from space 39424K, 99% used [0x00000000f0b80000,0x00000000f31fb830,0x00000000f3200000)
  to   space 54272K, 0% used [0x00000000f6880000,0x00000000f6880000,0x00000000f9d80000)
 ParOldGen       total 152064K, used 99487K [0x00000000a0000000, 0x00000000a9480000, 0x00000000e0000000)
  object space 152064K, 65% used [0x00000000a0000000,0x00000000a6127df8,0x00000000a9480000)
 Metaspace       used 91242K, capacity 95576K, committed 95872K, reserved 1132544K
  class space    used 11644K, capacity 12553K, committed 12672K, reserved 1048576K
Event: 283.419 GC heap after
Heap after GC invocations=27 (full 3):
 PSYoungGen      total 361472K, used 50332K [0x00000000e0000000, 0x00000000fb000000, 0x0000000100000000)
  eden space 307200K, 0% used [0x00000000e0000000,0x00000000e0000000,0x00000000f2c00000)
  from space 54272K, 92% used [0x00000000f6880000,0x00000000f99a72d0,0x00000000f9d80000)
  to   space 61952K, 0% used [0x00000000f2c00000,0x00000000f2c00000,0x00000000f6880000)
 ParOldGen       total 152064K, used 102007K [0x00000000a0000000, 0x00000000a9480000, 0x00000000e0000000)
  object space 152064K, 67% used [0x00000000a0000000,0x00000000a639dea8,0x00000000a9480000)
 Metaspace       used 91242K, capacity 95576K, committed 95872K, reserved 1132544K
  class space    used 11644K, capacity 12553K, committed 12672K, reserved 1048576K
}
Event: 1634.471 GC heap before
{Heap before GC invocations=28 (full 3):
 PSYoungGen      total 361472K, used 357532K [0x00000000e0000000, 0x00000000fb000000, 0x0000000100000000)
  eden space 307200K, 100% used [0x00000000e0000000,0x00000000f2c00000,0x00000000f2c00000)
  from space 54272K, 92% used [0x00000000f6880000,0x00000000f99a72d0,0x00000000f9d80000)
  to   space 61952K, 0% used [0x00000000f2c00000,0x00000000f2c00000,0x00000000f6880000)
 ParOldGen       total 152064K, used 102007K [0x00000000a0000000, 0x00000000a9480000, 0x00000000e0000000)
  object space 152064K, 67% used [0x00000000a0000000,0x00000000a639dea8,0x00000000a9480000)
 Metaspace       used 92520K, capacity 97054K, committed 97280K, reserved 1134592K
  class space    used 11778K, capacity 12696K, committed 12800K, reserved 1048576K
Event: 1634.560 GC heap after
Heap after GC invocations=28 (full 3):
 PSYoungGen      total 369152K, used 48467K [0x00000000e0000000, 0x00000000fcd80000, 0x0000000100000000)
  eden space 307200K, 0% used [0x00000000e0000000,0x00000000e0000000,0x00000000f2c00000)
  from space 61952K, 78% used [0x00000000f2c00000,0x00000000f5b54e48,0x00000000f6880000)
  to   space 67072K, 0% used [0x00000000f8c00000,0x00000000f8c00000,0x00000000fcd80000)
 ParOldGen       total 152064K, used 102015K [0x00000000a0000000, 0x00000000a9480000, 0x00000000e0000000)
  object space 152064K, 67% used [0x00000000a0000000,0x00000000a639fea8,0x00000000a9480000)
 Metaspace       used 92520K, capacity 97054K, committed 97280K, reserved 1134592K
  class space    used 11778K, capacity 12696K, committed 12800K, reserved 1048576K
}
Event: 1790.627 GC heap before
{Heap before GC invocations=29 (full 3):
 PSYoungGen      total 369152K, used 355667K [0x00000000e0000000, 0x00000000fcd80000, 0x0000000100000000)
  eden space 307200K, 100% used [0x00000000e0000000,0x00000000f2c00000,0x00000000f2c00000)
  from space 61952K, 78% used [0x00000000f2c00000,0x00000000f5b54e48,0x00000000f6880000)
  to   space 67072K, 0% used [0x00000000f8c00000,0x00000000f8c00000,0x00000000fcd80000)
 ParOldGen       total 152064K, used 102015K [0x00000000a0000000, 0x00000000a9480000, 0x00000000e0000000)
  object space 152064K, 67% used [0x00000000a0000000,0x00000000a639fea8,0x00000000a9480000)
 Metaspace       used 92971K, capacity 97686K, committed 97792K, reserved 1134592K
  class space    used 11810K, capacity 12739K, committed 12800K, reserved 1048576K
Event: 1790.719 GC heap after
Heap after GC invocations=29 (full 3):
 PSYoungGen      total 399872K, used 48679K [0x00000000e0000000, 0x00000000fd000000, 0x0000000100000000)
  eden space 332800K, 0% used [0x00000000e0000000,0x00000000e0000000,0x00000000f4500000)
  from space 67072K, 72% used [0x00000000f8c00000,0x00000000fbb89eb0,0x00000000fcd80000)
  to   space 71168K, 0% used [0x00000000f4500000,0x00000000f4500000,0x00000000f8a80000)
 ParOldGen       total 152064K, used 102023K [0x00000000a0000000, 0x00000000a9480000, 0x00000000e0000000)
  object space 152064K, 67% used [0x00000000a0000000,0x00000000a63a1ea8,0x00000000a9480000)
 Metaspace       used 92971K, capacity 97686K, committed 97792K, reserved 1134592K
  class space    used 11810K, capacity 12739K, committed 12800K, reserved 1048576K
}
Event: 2676.530 GC heap before
{Heap before GC invocations=30 (full 3):
 PSYoungGen      total 399872K, used 243005K [0x00000000e0000000, 0x00000000fd000000, 0x0000000100000000)
  eden space 332800K, 58% used [0x00000000e0000000,0x00000000ebdc57c8,0x00000000f4500000)
  from space 67072K, 72% used [0x00000000f8c00000,0x00000000fbb89eb0,0x00000000fcd80000)
  to   space 71168K, 0% used [0x00000000f4500000,0x00000000f4500000,0x00000000f8a80000)
 ParOldGen       total 152064K, used 102023K [0x00000000a0000000, 0x00000000a9480000, 0x00000000e0000000)
  object space 152064K, 67% used [0x00000000a0000000,0x00000000a63a1ea8,0x00000000a9480000)
 Metaspace       used 93513K, capacity 98330K, committed 98348K, reserved 1134592K
  class space    used 11841K, capacity 12783K, committed 12800K, reserved 1048576K
Event: 2676.614 GC heap after
Heap after GC invocations=30 (full 3):
 PSYoungGen      total 403968K, used 46654K [0x00000000e0000000, 0x00000000fea00000, 0x0000000100000000)
  eden space 332800K, 0% used [0x00000000e0000000,0x00000000e0000000,0x00000000f4500000)
  from space 71168K, 65% used [0x00000000f4500000,0x00000000f728fa80,0x00000000f8a80000)
  to   space 73216K, 0% used [0x00000000fa280000,0x00000000fa280000,0x00000000fea00000)
 ParOldGen       total 152064K, used 102031K [0x00000000a0000000, 0x00000000a9480000, 0x00000000e0000000)
  object space 152064K, 67% used [0x00000000a0000000,0x00000000a63a3ea8,0x00000000a9480000)
 Metaspace       used 93513K, capacity 98330K, committed 98348K, reserved 1134592K
  class space    used 11841K, capacity 12783K, committed 12800K, reserved 1048576K
}
Event: 2676.614 GC heap before
{Heap before GC invocations=31 (full 4):
 PSYoungGen      total 403968K, used 46654K [0x00000000e0000000, 0x00000000fea00000, 0x0000000100000000)
  eden space 332800K, 0% used [0x00000000e0000000,0x00000000e0000000,0x00000000f4500000)
  from space 71168K, 65% used [0x00000000f4500000,0x00000000f728fa80,0x00000000f8a80000)
  to   space 73216K, 0% used [0x00000000fa280000,0x00000000fa280000,0x00000000fea00000)
 ParOldGen       total 152064K, used 102031K [0x00000000a0000000, 0x00000000a9480000, 0x00000000e0000000)
  object space 152064K, 67% used [0x00000000a0000000,0x00000000a63a3ea8,0x00000000a9480000)
 Metaspace       used 93513K, capacity 98330K, committed 98348K, reserved 1134592K
  class space    used 11841K, capacity 12783K, committed 12800K, reserved 1048576K
Event: 2676.919 GC heap after
Heap after GC invocations=31 (full 4):
 PSYoungGen      total 403968K, used 0K [0x00000000e0000000, 0x00000000fea00000, 0x0000000100000000)
  eden space 332800K, 0% used [0x00000000e0000000,0x00000000e0000000,0x00000000f4500000)
  from space 71168K, 0% used [0x00000000f4500000,0x00000000f4500000,0x00000000f8a80000)
  to   space 73216K, 0% used [0x00000000fa280000,0x00000000fa280000,0x00000000fea00000)
 ParOldGen       total 205824K, used 51011K [0x00000000a0000000, 0x00000000ac900000, 0x00000000e0000000)
  object space 205824K, 24% used [0x00000000a0000000,0x00000000a31d0c80,0x00000000ac900000)
 Metaspace       used 92306K, capacity 95962K, committed 98348K, reserved 1134592K
  class space    used 11549K, capacity 12291K, committed 12800K, reserved 1048576K
}

